<?xml version="1.0" encoding="UTF-8"?>
<!-- Generated by org.testng.reporters.JUnitReportReporter -->
<testsuite skipped="0" hostname="MSI" name="com.revature.testng.NewTest" tests="3" failures="0" timestamp="28 Feb 2018 15:33:41 GMT" time="0.015" errors="0">
  <testcase name="test3" time="0.002" classname="com.revature.testng.NewTest"/>
  <testcase name="test1" time="0.009" classname="com.revature.testng.NewTest"/>
  <testcase name="test2" time="0.004" classname="com.revature.testng.NewTest"/>
</testsuite> <!-- com.revature.testng.NewTest -->
